#
# There is insufficient memory for the Java Runtime Environment to continue.
# Native memory allocation (malloc) failed to allocate 1416336 bytes for Chunk::new
# Possible reasons:
#   The system is out of physical RAM or swap space
#   In 32 bit mode, the process size limit was hit
# Possible solutions:
#   Reduce memory load on the system
#   Increase physical memory or swap space
#   Check if swap backing store is full
#   Use 64 bit Java on a 64 bit OS
#   Decrease Java heap size (-Xmx/-Xms)
#   Decrease number of Java threads
#   Decrease Java thread stack sizes (-Xss)
#   Set larger code cache with -XX:ReservedCodeCacheSize=
# This output file may be truncated or incomplete.
#
#  Out of Memory Error (allocation.cpp:390), pid=9136, tid=5132
#
# JRE version: Java(TM) SE Runtime Environment (8.0_65-b17) (build 1.8.0_65-b17)
# Java VM: Java HotSpot(TM) 64-Bit Server VM (25.65-b01 mixed mode windows-amd64 compressed oops)
# Failed to write core dump. Minidumps are not enabled by default on client versions of Windows
#

---------------  T H R E A D  ---------------

Current thread (0x00000000562b6000):  JavaThread "C2 CompilerThread1" daemon [_thread_in_native, id=5132, stack(0x0000000057430000,0x0000000057530000)]

Stack: [0x0000000057430000,0x0000000057530000]
[error occurred during error reporting (printing stack bounds), id 0xc0000005]

Native frames: (J=compiled Java code, j=interpreted, Vv=VM code, C=native code)


Current CompileTask:
C2:   2583 1388   !   4       java.net.URL::<init> (543 bytes)


---------------  P R O C E S S  ---------------

Java Threads: ( => current thread )
  0x0000000056324800 JavaThread "Service Thread" daemon [_thread_blocked, id=6184, stack(0x0000000057820000,0x0000000057920000)]
  0x00000000562d3000 JavaThread "C1 CompilerThread2" daemon [_thread_in_native, id=392, stack(0x00000000576a0000,0x00000000577a0000)]
=>0x00000000562b6000 JavaThread "C2 CompilerThread1" daemon [_thread_in_native, id=5132, stack(0x0000000057430000,0x0000000057530000)]
  0x00000000562b3800 JavaThread "C2 CompilerThread0" daemon [_thread_in_native, id=4824, stack(0x0000000056fd0000,0x00000000570d0000)]
  0x00000000562a4000 JavaThread "JDWP Command Reader" daemon [_thread_in_native, id=8792, stack(0x0000000057260000,0x0000000057360000)]
  0x00000000562a0800 JavaThread "JDWP Event Helper Thread" daemon [_thread_blocked, id=1728, stack(0x0000000057140000,0x0000000057240000)]
  0x0000000056291000 JavaThread "JDWP Transport Listener: dt_socket" daemon [_thread_blocked, id=7872, stack(0x0000000056dd0000,0x0000000056ed0000)]
  0x0000000056289800 JavaThread "Attach Listener" daemon [_thread_blocked, id=8852, stack(0x0000000056880000,0x0000000056980000)]
  0x0000000056286800 JavaThread "Signal Dispatcher" daemon [_thread_blocked, id=4664, stack(0x00000000566d0000,0x00000000567d0000)]
  0x0000000054d65000 JavaThread "Finalizer" daemon [_thread_blocked, id=6064, stack(0x0000000056180000,0x0000000056280000)]
  0x0000000054d63800 JavaThread "Reference Handler" daemon [_thread_blocked, id=8764, stack(0x0000000055ee0000,0x0000000055fe0000)]
  0x0000000001dfa000 JavaThread "main" [_thread_in_vm, id=2988, stack(0x00000000021d0000,0x00000000022d0000)]

Other Threads:
  0x0000000054d5e000 VMThread [stack: 0x0000000055d70000,0x0000000055e70000] [id=5728]
  0x0000000056378800 WatcherThread [stack: 0x0000000057590000,0x0000000057690000] [id=7176]

VM state:not at safepoint (normal execution)

VM Mutex/Monitor currently owned by a thread: None

Heap:
 PSYoungGen      total 35328K, used 26558K [0x00000000eaf00000, 0x00000000ed400000, 0x0000000100000000)
  eden space 32768K, 73% used [0x00000000eaf00000,0x00000000ec6768d0,0x00000000ecf00000)
  from space 2560K, 98% used [0x00000000ed180000,0x00000000ed3f9260,0x00000000ed400000)
  to   space 2560K, 0% used [0x00000000ecf00000,0x00000000ecf00000,0x00000000ed180000)
 ParOldGen       total 44032K, used 4767K [0x00000000c0c00000, 0x00000000c3700000, 0x00000000eaf00000)
  object space 44032K, 10% used [0x00000000c0c00000,0x00000000c10a7e78,0x00000000c3700000)
 Metaspace       used 11056K, capacity 11194K, committed 11392K, reserved 1058816K
  class space    used 1368K, capacity 1377K, committed 1408K, reserved 1048576K

Card table byte_map: [0x0000000011960000,0x0000000011b60000] byte_map_base: 0x000000001135a000

Marking Bits: (ParMarkBitMap*) 0x00000000639da5b0
 Begin Bits: [0x0000000012230000, 0x0000000013200000)
 End Bits:   [0x0000000013200000, 0x00000000141d0000)

Polling page: 0x0000000000110000

CodeCache: size=245760Kb used=5626Kb max_used=5626Kb free=240133Kb
 bounds [0x00000000025a0000, 0x0000000002b30000, 0x00000000115a0000]
 total_blobs=1740 nmethods=1447 adapters=213
 compilation: enabled

Compilation events (10 events):
Event: 2.578 Thread 0x00000000562d3000 nmethod 1446 0x0000000002b1f2d0 code [0x0000000002b1f4a0, 0x0000000002b1f968]
Event: 2.578 Thread 0x00000000562d3000 1447       3       org.springframework.beans.BeanMetadataAttributeAccessor::setSource (6 bytes)
Event: 2.578 Thread 0x00000000562d3000 nmethod 1447 0x0000000002b1fc10 code [0x0000000002b1fd60, 0x0000000002b1fed0]
Event: 2.578 Thread 0x00000000562d3000 1448       3       org.springframework.beans.factory.support.AbstractBeanDefinition::setAutowireMode (6 bytes)
Event: 2.578 Thread 0x00000000562d3000 nmethod 1448 0x0000000002b1ff50 code [0x0000000002b200a0, 0x0000000002b201f0]
Event: 2.578 Thread 0x00000000562d3000 1449       3       org.springframework.beans.factory.support.AbstractBeanDefinition::setDestroyMethodName (6 bytes)
Event: 2.579 Thread 0x00000000562d3000 nmethod 1449 0x0000000002b20290 code [0x0000000002b203e0, 0x0000000002b20550]
Event: 2.579 Thread 0x00000000562d3000 1450       3       org.springframework.beans.factory.support.DefaultListableBeanFactory::getBeanDefinition (78 bytes)
Event: 2.580 Thread 0x00000000562d3000 nmethod 1450 0x0000000002b205d0 code [0x0000000002b20840, 0x0000000002b217f8]
Event: 2.580 Thread 0x00000000562d3000 1453       3       java.util.ArrayList::<init> (61 bytes)

GC Heap History (8 events):
Event: 0.993 GC heap before
{Heap before GC invocations=1 (full 0):
 PSYoungGen      total 18944K, used 16384K [0x00000000eaf00000, 0x00000000ec400000, 0x0000000100000000)
  eden space 16384K, 100% used [0x00000000eaf00000,0x00000000ebf00000,0x00000000ebf00000)
  from space 2560K, 0% used [0x00000000ec180000,0x00000000ec180000,0x00000000ec400000)
  to   space 2560K, 0% used [0x00000000ebf00000,0x00000000ebf00000,0x00000000ec180000)
 ParOldGen       total 44032K, used 0K [0x00000000c0c00000, 0x00000000c3700000, 0x00000000eaf00000)
  object space 44032K, 0% used [0x00000000c0c00000,0x00000000c0c00000,0x00000000c3700000)
 Metaspace       used 6818K, capacity 6980K, committed 7040K, reserved 1056768K
  class space    used 827K, capacity 856K, committed 896K, reserved 1048576K
Event: 0.998 GC heap after
Heap after GC invocations=1 (full 0):
 PSYoungGen      total 18944K, used 2539K [0x00000000eaf00000, 0x00000000ec400000, 0x0000000100000000)
  eden space 16384K, 0% used [0x00000000eaf00000,0x00000000eaf00000,0x00000000ebf00000)
  from space 2560K, 99% used [0x00000000ebf00000,0x00000000ec17aee0,0x00000000ec180000)
  to   space 2560K, 0% used [0x00000000ec180000,0x00000000ec180000,0x00000000ec400000)
 ParOldGen       total 44032K, used 826K [0x00000000c0c00000, 0x00000000c3700000, 0x00000000eaf00000)
  object space 44032K, 1% used [0x00000000c0c00000,0x00000000c0cce910,0x00000000c3700000)
 Metaspace       used 6818K, capacity 6980K, committed 7040K, reserved 1056768K
  class space    used 827K, capacity 856K, committed 896K, reserved 1048576K
}
Event: 1.427 GC heap before
{Heap before GC invocations=2 (full 0):
 PSYoungGen      total 18944K, used 18923K [0x00000000eaf00000, 0x00000000ec400000, 0x0000000100000000)
  eden space 16384K, 100% used [0x00000000eaf00000,0x00000000ebf00000,0x00000000ebf00000)
  from space 2560K, 99% used [0x00000000ebf00000,0x00000000ec17aee0,0x00000000ec180000)
  to   space 2560K, 0% used [0x00000000ec180000,0x00000000ec180000,0x00000000ec400000)
 ParOldGen       total 44032K, used 826K [0x00000000c0c00000, 0x00000000c3700000, 0x00000000eaf00000)
  object space 44032K, 1% used [0x00000000c0c00000,0x00000000c0cce910,0x00000000c3700000)
 Metaspace       used 9096K, capacity 9226K, committed 9472K, reserved 1056768K
  class space    used 1140K, capacity 1177K, committed 1280K, reserved 1048576K
Event: 1.448 GC heap after
Heap after GC invocations=2 (full 0):
 PSYoungGen      total 18944K, used 2540K [0x00000000eaf00000, 0x00000000ed400000, 0x0000000100000000)
  eden space 16384K, 0% used [0x00000000eaf00000,0x00000000eaf00000,0x00000000ebf00000)
  from space 2560K, 99% used [0x00000000ec180000,0x00000000ec3fb290,0x00000000ec400000)
  to   space 2560K, 0% used [0x00000000ebf00000,0x00000000ebf00000,0x00000000ec180000)
 ParOldGen       total 44032K, used 1926K [0x00000000c0c00000, 0x00000000c3700000, 0x00000000eaf00000)
  object space 44032K, 4% used [0x00000000c0c00000,0x00000000c0de1b40,0x00000000c3700000)
 Metaspace       used 9096K, capacity 9226K, committed 9472K, reserved 1056768K
  class space    used 1140K, capacity 1177K, committed 1280K, reserved 1048576K
}
Event: 1.868 GC heap before
{Heap before GC invocations=3 (full 0):
 PSYoungGen      total 18944K, used 18924K [0x00000000eaf00000, 0x00000000ed400000, 0x0000000100000000)
  eden space 16384K, 100% used [0x00000000eaf00000,0x00000000ebf00000,0x00000000ebf00000)
  from space 2560K, 99% used [0x00000000ec180000,0x00000000ec3fb290,0x00000000ec400000)
  to   space 2560K, 0% used [0x00000000ebf00000,0x00000000ebf00000,0x00000000ec180000)
 ParOldGen       total 44032K, used 1926K [0x00000000c0c00000, 0x00000000c3700000, 0x00000000eaf00000)
  object space 44032K, 4% used [0x00000000c0c00000,0x00000000c0de1b40,0x00000000c3700000)
 Metaspace       used 10027K, capacity 10120K, committed 10240K, reserved 1058816K
  class space    used 1251K, capacity 1278K, committed 1280K, reserved 1048576K
Event: 1.876 GC heap after
Heap after GC invocations=3 (full 0):
 PSYoungGen      total 18944K, used 2531K [0x00000000eaf00000, 0x00000000ed400000, 0x0000000100000000)
  eden space 16384K, 0% used [0x00000000eaf00000,0x00000000eaf00000,0x00000000ebf00000)
  from space 2560K, 98% used [0x00000000ebf00000,0x00000000ec178cf0,0x00000000ec180000)
  to   space 2560K, 0% used [0x00000000ed180000,0x00000000ed180000,0x00000000ed400000)
 ParOldGen       total 44032K, used 3501K [0x00000000c0c00000, 0x00000000c3700000, 0x00000000eaf00000)
  object space 44032K, 7% used [0x00000000c0c00000,0x00000000c0f6b448,0x00000000c3700000)
 Metaspace       used 10027K, capacity 10120K, committed 10240K, reserved 1058816K
  class space    used 1251K, capacity 1278K, committed 1280K, reserved 1048576K
}
Event: 2.202 GC heap before
{Heap before GC invocations=4 (full 0):
 PSYoungGen      total 18944K, used 18915K [0x00000000eaf00000, 0x00000000ed400000, 0x0000000100000000)
  eden space 16384K, 100% used [0x00000000eaf00000,0x00000000ebf00000,0x00000000ebf00000)
  from space 2560K, 98% used [0x00000000ebf00000,0x00000000ec178cf0,0x00000000ec180000)
  to   space 2560K, 0% used [0x00000000ed180000,0x00000000ed180000,0x00000000ed400000)
 ParOldGen       total 44032K, used 3501K [0x00000000c0c00000, 0x00000000c3700000, 0x00000000eaf00000)
  object space 44032K, 7% used [0x00000000c0c00000,0x00000000c0f6b448,0x00000000c3700000)
 Metaspace       used 10424K, capacity 10536K, committed 10880K, reserved 1058816K
  class space    used 1289K, capacity 1310K, committed 1408K, reserved 1048576K
Event: 2.209 GC heap after
Heap after GC invocations=4 (full 0):
 PSYoungGen      total 35328K, used 2532K [0x00000000eaf00000, 0x00000000ed400000, 0x0000000100000000)
  eden space 32768K, 0% used [0x00000000eaf00000,0x00000000eaf00000,0x00000000ecf00000)
  from space 2560K, 98% used [0x00000000ed180000,0x00000000ed3f9260,0x00000000ed400000)
  to   space 2560K, 0% used [0x00000000ecf00000,0x00000000ecf00000,0x00000000ed180000)
 ParOldGen       total 44032K, used 4767K [0x00000000c0c00000, 0x00000000c3700000, 0x00000000eaf00000)
  object space 44032K, 10% used [0x00000000c0c00000,0x00000000c10a7e78,0x00000000c3700000)
 Metaspace       used 10424K, capacity 10536K, committed 10880K, reserved 1058816K
  class space    used 1289K, capacity 1310K, committed 1408K, reserved 1048576K
}

Deoptimization events (10 events):
Event: 1.978 Thread 0x0000000001dfa000 Uncommon trap: reason=class_check action=maybe_recompile pc=0x00000000029c3b6c method=java.util.AbstractCollection.isEmpty()Z @ 1
Event: 1.978 Thread 0x0000000001dfa000 Uncommon trap: reason=class_check action=maybe_recompile pc=0x00000000029c3b6c method=java.util.AbstractCollection.isEmpty()Z @ 1
Event: 1.978 Thread 0x0000000001dfa000 Uncommon trap: reason=class_check action=maybe_recompile pc=0x00000000029c3b6c method=java.util.AbstractCollection.isEmpty()Z @ 1
Event: 1.979 Thread 0x0000000001dfa000 Uncommon trap: reason=class_check action=maybe_recompile pc=0x00000000029c3b6c method=java.util.AbstractCollection.isEmpty()Z @ 1
Event: 2.224 Thread 0x0000000001dfa000 Uncommon trap: reason=unstable_if action=reinterpret pc=0x0000000002a6a6bc method=java.lang.String.trim()Ljava/lang/String; @ 15
Event: 2.229 Thread 0x0000000001dfa000 Uncommon trap: reason=unstable_if action=reinterpret pc=0x0000000002a8972c method=org.springframework.core.type.classreading.AnnotationReadingVisitorUtils.getMergedAnnotationAttributes(Lorg/springframework/util/LinkedMultiValueMap;Ljava/util/Map;Ljava/lang’Ç9‘ÀG@
Event: 2.410 Thread 0x0000000001dfa000 Uncommon trap: reason=range_check action=none pc=0x00000000027db14c method=sun.reflect.generics.parser.SignatureParser.current()C @ 34
Event: 2.410 Thread 0x0000000001dfa000 Uncommon trap: reason=range_check action=none pc=0x00000000027db14c method=sun.reflect.generics.parser.SignatureParser.current()C @ 34
Event: 2.576 Thread 0x0000000001dfa000 Uncommon trap: reason=range_check action=none pc=0x00000000027db14c method=sun.reflect.generics.parser.SignatureParser.current()C @ 34
Event: 2.579 Thread 0x0000000001dfa000 Uncommon trap: reason=range_check action=none pc=0x00000000027db14c method=sun.reflect.generics.parser.SignatureParser.current()C @ 34

Internal exceptions (10 events):
Event: 1.300 Thread 0x0000000001dfa000 Exception <a 'java/lang/ArrayIndexOutOfBoundsException': 173> (0x00000000eba23bd8) thrown at [C:\workspace\8-2-build-windows-amd64-cygwin\jdk8u65\4987\hotspot\src\share\vm\interpreter\interpreterRuntime.cpp, line 366]
Event: 1.303 Thread 0x0000000001dfa000 Exception <a 'java/lang/ArrayIndexOutOfBoundsException': 139> (0x00000000eba38700) thrown at [C:\workspace\8-2-build-windows-amd64-cygwin\jdk8u65\4987\hotspot\src\share\vm\interpreter\interpreterRuntime.cpp, line 366]
Event: 1.306 Thread 0x0000000001dfa000 Exception <a 'java/lang/ArrayIndexOutOfBoundsException': 139> (0x00000000eba4b108) thrown at [C:\workspace\8-2-build-windows-amd64-cygwin\jdk8u65\4987\hotspot\src\share\vm\interpreter\interpreterRuntime.cpp, line 366]
Event: 1.324 Thread 0x0000000001dfa000 Implicit null exception at 0x00000000028b9444 to 0x00000000028b96e5
Event: 1.975 Thread 0x0000000001dfa000 Implicit null exception at 0x000000000281c04c to 0x000000000281c4c9
Event: 1.975 Thread 0x0000000001dfa000 Implicit null exception at 0x00000000027a7289 to 0x00000000027a76b9
Event: 2.410 Thread 0x0000000001dfa000 Exception <a 'java/lang/ArrayIndexOutOfBoundsException': 139> (0x00000000ebb8ed78) thrown at [C:\workspace\8-2-build-windows-amd64-cygwin\jdk8u65\4987\hotspot\src\share\vm\interpreter\interpreterRuntime.cpp, line 366]
Event: 2.410 Thread 0x0000000001dfa000 Exception <a 'java/lang/ArrayIndexOutOfBoundsException': 111> (0x00000000ebb90468) thrown at [C:\workspace\8-2-build-windows-amd64-cygwin\jdk8u65\4987\hotspot\src\share\vm\interpreter\interpreterRuntime.cpp, line 366]
Event: 2.576 Thread 0x0000000001dfa000 Exception <a 'java/lang/ArrayIndexOutOfBoundsException': 191> (0x00000000ec5dd418) thrown at [C:\workspace\8-2-build-windows-amd64-cygwin\jdk8u65\4987\hotspot\src\share\vm\interpreter\interpreterRuntime.cpp, line 366]
Event: 2.579 Thread 0x0000000001dfa000 Exception <a 'java/lang/ArrayIndexOutOfBoundsException': 129> (0x00000000ec5e86e0) thrown at [C:\workspace\8-2-build-windows-amd64-cygwin\jdk8u65\4987\hotspot\src\share\vm\interpreter\interpreterRuntime.cpp, line 366]

Events (10 events):
Event: 2.574 Thread 0x0000000001dfa000 DEOPT PACKING pc=0x000000000270dadc sp=0x00000000022cd730
Event: 2.574 Thread 0x0000000001dfa000 DEOPT UNPACKING pc=0x00000000025e787f sp=0x00000000022cd550 mode 1
Event: 2.574 Thread 0x0000000001dfa000 DEOPT PACKING pc=0x000000000270d874 sp=0x00000000022cd8c0
Event: 2.574 Thread 0x0000000001dfa000 DEOPT UNPACKING pc=0x00000000025e787f sp=0x00000000022cd6e0 mode 1
Event: 2.576 Thread 0x0000000001dfa000 Uncommon trap: trap_request=0xffffffe7 fr.pc=0x00000000027db14c
Event: 2.576 Thread 0x0000000001dfa000 DEOPT PACKING pc=0x00000000027db14c sp=0x00000000022ce430
Event: 2.576 Thread 0x0000000001dfa000 DEOPT UNPACKING pc=0x00000000025e582a sp=0x00000000022ce3c8 mode 2
Event: 2.579 Thread 0x0000000001dfa000 Uncommon trap: trap_request=0xffffffe7 fr.pc=0x00000000027db14c
Event: 2.579 Thread 0x0000000001dfa000 DEOPT PACKING pc=0x00000000027db14c sp=0x00000000022ce430
Event: 2.579 Thread 0x0000000001dfa000 DEOPT UNPACKING pc=0x00000000025e582a sp=0x00000000022ce3c8 mode 2


Dynamic libraries:
0x000000013f690000 - 0x000000013f6c7000 	C:\Program Files\Java\jre1.8.0_65\bin\javaw.exe
0x0000000076fa0000 - 0x0000000077149000 	C:\Windows\SYSTEM32\ntdll.dll
0x0000000076e80000 - 0x0000000076fa0000 	C:\Windows\system32\kernel32.dll
0x000007fefce20000 - 0x000007fefce8c000 	C:\Windows\system32\KERNELBASE.dll
0x000007fefd230000 - 0x000007fefd30b000 	C:\Windows\system32\ADVAPI32.dll
0x000007fefea10000 - 0x000007fefeaaf000 	C:\Windows\system32\msvcrt.dll
0x000007fefd310000 - 0x000007fefd32f000 	C:\Windows\SYSTEM32\sechost.dll
0x000007fefd100000 - 0x000007fefd22d000 	C:\Windows\system32\RPCRT4.dll
0x0000000076d80000 - 0x0000000076e7a000 	C:\Windows\system32\USER32.dll
0x000007fefef50000 - 0x000007fefefb7000 	C:\Windows\system32\GDI32.dll
0x000007fefd990000 - 0x000007fefd99e000 	C:\Windows\system32\LPK.dll
0x000007fefd3d0000 - 0x000007fefd499000 	C:\Windows\system32\USP10.dll
0x000007fefb640000 - 0x000007fefb834000 	C:\Windows\WinSxS\amd64_microsoft.windows.common-controls_6595b64144ccf1df_6.0.7601.18837_none_fa3b1e3d17594757\COMCTL32.dll
0x000007fefefc0000 - 0x000007feff031000 	C:\Windows\system32\SHLWAPI.dll
0x000007fefecc0000 - 0x000007fefecee000 	C:\Windows\system32\IMM32.DLL
0x000007fefeda0000 - 0x000007fefeea9000 	C:\Windows\system32\MSCTF.dll
0x0000000057c90000 - 0x0000000057d62000 	C:\Program Files\Java\jre1.8.0_65\bin\msvcr100.dll
0x00000000631d0000 - 0x0000000063a59000 	C:\Program Files\Java\jre1.8.0_65\bin\server\jvm.dll
0x000007fef6eb0000 - 0x000007fef6eb9000 	C:\Windows\system32\WSOCK32.dll
0x000007fefecf0000 - 0x000007fefed3d000 	C:\Windows\system32\WS2_32.dll
0x000007fefd980000 - 0x000007fefd988000 	C:\Windows\system32\NSI.dll
0x000007fefa3b0000 - 0x000007fefa3eb000 	C:\Windows\system32\WINMM.dll
0x000007fefbc10000 - 0x000007fefbc1c000 	C:\Windows\system32\VERSION.dll
0x0000000077160000 - 0x0000000077167000 	C:\Windows\system32\PSAPI.DLL
0x0000000072920000 - 0x000000007292f000 	C:\Program Files\Java\jre1.8.0_65\bin\verify.dll
0x0000000071e00000 - 0x0000000071e29000 	C:\Program Files\Java\jre1.8.0_65\bin\java.dll
0x0000000071b90000 - 0x0000000071bc5000 	C:\Program Files\Java\jre1.8.0_65\bin\jdwp.dll
0x0000000071df0000 - 0x0000000071df8000 	C:\Program Files\Java\jre1.8.0_65\bin\npt.dll
0x00000000728a0000 - 0x00000000728b6000 	C:\Program Files\Java\jre1.8.0_65\bin\zip.dll
0x000007fefdc80000 - 0x000007fefea09000 	C:\Windows\system32\SHELL32.dll
0x000007fefd770000 - 0x000007fefd973000 	C:\Windows\system32\ole32.dll
0x000007fefcd50000 - 0x000007fefcd5f000 	C:\Windows\system32\profapi.dll
0x0000000072910000 - 0x0000000072919000 	C:\Program Files\Java\jre1.8.0_65\bin\dt_socket.dll
0x000007fefa260000 - 0x000007fefa275000 	C:\Windows\system32\NLAapi.dll
0x000007fef55a0000 - 0x000007fef55b5000 	C:\Windows\system32\napinsp.dll
0x000007fef5560000 - 0x000007fef5579000 	C:\Windows\system32\pnrpnsp.dll
0x000007fefc520000 - 0x000007fefc575000 	C:\Windows\System32\mswsock.dll
0x000007fefc440000 - 0x000007fefc49b000 	C:\Windows\system32\DNSAPI.dll
0x000007fef5550000 - 0x000007fef555b000 	C:\Windows\System32\winrnr.dll
0x000007fef5540000 - 0x000007fef5550000 	C:\Windows\system32\wshbth.dll
0x000007fef56b0000 - 0x000007fef56df000 	C:\Program Files\Common Files\Microsoft Shared\Windows Live\WLIDNSP.DLL
0x000000006e820000 - 0x000000006e846000 	C:\Program Files\Bonjour\mdnsNSP.dll
0x000007fef9780000 - 0x000007fef97a7000 	C:\Windows\system32\Iphlpapi.DLL
0x000007fef9770000 - 0x000007fef977b000 	C:\Windows\system32\WINNSI.DLL
0x000007fef8b30000 - 0x000007fef8b83000 	C:\Windows\System32\fwpuclnt.dll
0x000007fef56a0000 - 0x000007fef56a8000 	C:\Windows\system32\rasadhlp.dll
0x000007fefbeb0000 - 0x000007fefbeb7000 	C:\Windows\System32\wshtcpip.dll
0x0000000071d20000 - 0x0000000071d2d000 	C:\Program Files\Java\jre1.8.0_65\bin\management.dll
0x00000000727e0000 - 0x00000000727fa000 	C:\Program Files\Java\jre1.8.0_65\bin\net.dll
0x000007fefc500000 - 0x000007fefc507000 	C:\Windows\System32\wship6.dll

VM Arguments:
jvm_args: -agentlib:jdwp=transport=dt_socket,suspend=y,address=localhost:50416 -Dfile.encoding=UTF-8 
java_command: server.Application
java_class_path (initial): C:\dev\Trippy2.0\target\classes;C:\Users\Hila\.m2\repository\com\codesnippets4all\quick-json\1.0.4\quick-json-1.0.4.jar;C:\Users\Hila\.m2\repository\org\springframework\boot\spring-boot-starter-web\1.2.3.RELEASE\spring-boot-starter-web-1.2.3.RELEASE.jar;C:\Users\Hila\.m2\repository\org\springframework\boot\spring-boot-starter\1.2.3.RELEASE\spring-boot-starter-1.2.3.RELEASE.jar;C:\Users\Hila\.m2\repository\org\springframework\boot\spring-boot\1.2.3.RELEASE\spring-boot-1.2.3.RELEASE.jar;C:\Users\Hila\.m2\repository\org\springframework\boot\spring-boot-autoconfigure\1.2.3.RELEASE\spring-boot-autoconfigure-1.2.3.RELEASE.jar;C:\Users\Hila\.m2\repository\org\springframework\boot\spring-boot-starter-logging\1.2.3.RELEASE\spring-boot-starter-logging-1.2.3.RELEASE.jar;C:\Users\Hila\.m2\repository\org\slf4j\jcl-over-slf4j\1.7.11\jcl-over-slf4j-1.7.11.jar;C:\Users\Hila\.m2\repository\org\slf4j\jul-to-slf4j\1.7.11\jul-to-slf4j-1.7.11.jar;C:\Users\Hila\.m2\repository\org\slf4j\log4j-over-slf4j\1.7.11\log4j-over-slf4j-1.7.11.jar;C:\Users\Hila\.m2\repository\ch\qos\logback\logback-classic\1.1.3\logback-classic-1.1.3.jar;C:\Users\Hila\.m2\repository\ch\qos\logback\logback-core\1.1.3\logback-core-1.1.3.jar;C:\Users\Hila\.m2\repository\org\yaml\snakeyaml\1.14\snakeyaml-1.14.jar;C:\Users\Hila\.m2\repository\org\springframework\boot\spring-boot-starter-tomcat\1.2.3.RELEASE\spring-boot-starter-tomcat-1.2.3.RELEASE.jar;C:\Users\Hila\.m2\repository\org\apache\tomcat\embed\tomcat-embed-core\8.0.20\tomcat-embed-core-8.0.20.jar;C:\Users\Hila\.m2\repository\org\apache\tomcat\embed\tomcat-embed-el\8.0.20\tomcat-embed-el-8.0.20.jar;C:\Users\Hila\.m2\repository\org\apache\tomcat\embed\tomcat-embed-logging-juli\8.0.20\tomcat-embed-logging-juli-8.0.20.jar;C:\Users\Hila\.m2\repository\org\apache\tomcat\embed\tomcat-embed-websocket\8.0.20\tomcat-embed-websocket-8.0.20.jar;C:\Users\Hila\.m2\repository\com\fasterxml\jackson\core\jackson-databind\2.4.5\jackson-databind-2.4.
Launcher Type: SUN_STANDARD

Environment Variables:
JAVA_HOME=C:\Program Files\Java\jdk1.8.0_65
PATH=C:/Program Files/Java/jre1.8.0_65/bin/server;C:/Program Files/Java/jre1.8.0_65/bin;C:/Program Files/Java/jre1.8.0_65/lib/amd64;C:\ProgramData\Oracle\Java\javapath;C:\Program Files (x86)\HP SimplePass 2012\x64;C:\Program Files (x86)\HP SimplePass 2012\;C:\Program Files\Common Files\Microsoft Shared\Windows Live;C:\Program Files (x86)\Common Files\Microsoft Shared\Windows Live;C:\Windows\system32;C:\Windows;C:\Windows\System32\Wbem;C:\Windows\System32\WindowsPowerShell\v1.0\;C:\Program Files (x86)\Windows Live\Shared;C:\Program Files (x86)\Intel\Services\IPT\;C:\Program Files\Intel\WiFi\bin\;C:\Program Files\Common Files\Intel\WirelessCommon\;C:\Program Files\Java\jdk1.8.0_65\bin;C:\Program Files\Microsoft SQL Server\110\Tools\Binn\;C:\Program Files (x86)\Microsoft SDKs\TypeScript\1.0\;C:\Program Files\apache-maven-3.3.3-bin\apache-maven-3.3.3\bin;C:\Program Files (x86)\Git\cmd;C:\Program Files (x86)\Git\bin;C:\Program Files (x86)\Perforce;C:\Program Files (x86)\Perforce\DVCS\;C:\Users\Hila\.dnx\bin;C:\Program Files\Intel\WiFi\bin\;C:\Program Files\Common Files\Intel\WirelessCommon\;C:\Windows\system32;
USERNAME=Hila
OS=Windows_NT
PROCESSOR_IDENTIFIER=Intel64 Family 6 Model 42 Stepping 7, GenuineIntel



---------------  S Y S T E M  ---------------

OS: Windows 7 , 64 bit Build 7601 (6.1.7601.19045)

CPU:total 4 (2 cores per cpu, 2 threads per core) family 6 model 42 stepping 7, cmov, cx8, fxsr, mmx, sse, sse2, sse3, ssse3, sse4.1, sse4.2, popcnt, avx, aes, clmul, ht, tsc, tscinvbit

Memory: 4k page, physical 4138428k(783596k free), swap 5609300k(5372k free)

vm_info: Java HotSpot(TM) 64-Bit Server VM (25.65-b01) for windows-amd64 JRE (1.8.0_65-b17), built on Oct  6 2015 16:39:20 by "java_re" with MS VC++ 10.0 (VS2010)

time: Mon Nov 16 17:26:35 2015
elapsed time: 2 seconds (0d 0h 0m 2s)

